<?xml version="1.0" encoding="UTF-8"?>
<coverage generated="1732822525530" clover="3.2.0">
  <project timestamp="1732822525530" name="All files">
    <metrics statements="42" coveredstatements="42" conditionals="18" coveredconditionals="17" methods="20" coveredmethods="20" elements="80" coveredelements="79" complexity="0" loc="42" ncloc="42" packages="1" files="14" classes="14"/>
    <file name="calcularmedia.js" path="C:\Users\a95288486\Desktop\uc10\calcularmedia.js">
      <metrics statements="4" coveredstatements="4" conditionals="2" coveredconditionals="2" methods="2" coveredmethods="2"/>
      <line num="3" count="3" type="cond" truecount="2" falsecount="0"/>
      <line num="4" count="1" type="stmt"/>
      <line num="6" count="7" type="stmt"/>
      <line num="7" count="2" type="stmt"/>
    </file>
    <file name="fatorial.js" path="C:\Users\a95288486\Desktop\uc10\fatorial.js">
      <metrics statements="5" coveredstatements="5" conditionals="2" coveredconditionals="2" methods="1" coveredmethods="1"/>
      <line num="2" count="3" type="cond" truecount="2" falsecount="0"/>
      <line num="3" count="2" type="stmt"/>
      <line num="4" count="2" type="stmt"/>
      <line num="5" count="8" type="stmt"/>
      <line num="7" count="2" type="stmt"/>
    </file>
    <file name="index.js" path="C:\Users\a95288486\Desktop\uc10\index.js">
      <metrics statements="6" coveredstatements="6" conditionals="0" coveredconditionals="0" methods="2" coveredmethods="2"/>
      <line num="1" count="1" type="stmt"/>
      <line num="3" count="2" type="stmt"/>
      <line num="6" count="1" type="stmt"/>
      <line num="8" count="1" type="stmt"/>
      <line num="10" count="2" type="stmt"/>
      <line num="12" count="1" type="stmt"/>
    </file>
    <file name="maiornumero.js" path="C:\Users\a95288486\Desktop\uc10\maiornumero.js">
      <metrics statements="5" coveredstatements="5" conditionals="6" coveredconditionals="6" methods="2" coveredmethods="2"/>
      <line num="2" count="6" type="cond" truecount="4" falsecount="0"/>
      <line num="3" count="2" type="stmt"/>
      <line num="5" count="11" type="cond" truecount="2" falsecount="0"/>
      <line num="6" count="1" type="stmt"/>
      <line num="8" count="3" type="stmt"/>
    </file>
    <file name="manipulacaostring.js" path="C:\Users\a95288486\Desktop\uc10\manipulacaostring.js">
      <metrics statements="1" coveredstatements="1" conditionals="0" coveredconditionals="0" methods="1" coveredmethods="1"/>
      <line num="3" count="3" type="stmt"/>
    </file>
    <file name="numeropar.js" path="C:\Users\a95288486\Desktop\uc10\numeropar.js">
      <metrics statements="1" coveredstatements="1" conditionals="0" coveredconditionals="0" methods="1" coveredmethods="1"/>
      <line num="2" count="5" type="stmt"/>
    </file>
    <file name="numeroprimos.js" path="C:\Users\a95288486\Desktop\uc10\numeroprimos.js">
      <metrics statements="10" coveredstatements="10" conditionals="6" coveredconditionals="5" methods="2" coveredmethods="2"/>
      <line num="2" count="3" type="stmt"/>
      <line num="4" count="3" type="stmt"/>
      <line num="5" count="134" type="cond" truecount="1" falsecount="1"/>
      <line num="6" count="134" type="stmt"/>
      <line num="7" count="285" type="cond" truecount="2" falsecount="0"/>
      <line num="9" count="39" type="stmt"/>
      <line num="12" count="3" type="stmt"/>
      <line num="13" count="134" type="cond" truecount="2" falsecount="0"/>
      <line num="14" count="39" type="stmt"/>
      <line num="18" count="3" type="stmt"/>
    </file>
    <file name="ordenararray.js" path="C:\Users\a95288486\Desktop\uc10\ordenararray.js">
      <metrics statements="1" coveredstatements="1" conditionals="0" coveredconditionals="0" methods="2" coveredmethods="2"/>
      <line num="5" count="13" type="stmt"/>
    </file>
    <file name="retornaocorrencia.js" path="C:\Users\a95288486\Desktop\uc10\retornaocorrencia.js">
      <metrics statements="3" coveredstatements="3" conditionals="2" coveredconditionals="2" methods="1" coveredmethods="1"/>
      <line num="3" count="3" type="stmt"/>
      <line num="4" count="3" type="stmt"/>
      <line num="5" count="3" type="cond" truecount="2" falsecount="0"/>
    </file>
    <file name="soma.js" path="C:\Users\a95288486\Desktop\uc10\soma.js">
      <metrics statements="1" coveredstatements="1" conditionals="0" coveredconditionals="0" methods="1" coveredmethods="1"/>
      <line num="2" count="3" type="stmt"/>
    </file>
    <file name="somarelementos.js" path="C:\Users\a95288486\Desktop\uc10\somarelementos.js">
      <metrics statements="1" coveredstatements="1" conditionals="0" coveredconditionals="0" methods="2" coveredmethods="2"/>
      <line num="3" count="7" type="stmt"/>
    </file>
    <file name="subtracao.js" path="C:\Users\a95288486\Desktop\uc10\subtracao.js">
      <metrics statements="1" coveredstatements="1" conditionals="0" coveredconditionals="0" methods="1" coveredmethods="1"/>
      <line num="2" count="3" type="stmt"/>
    </file>
    <file name="temperatura.js" path="C:\Users\a95288486\Desktop\uc10\temperatura.js">
      <metrics statements="1" coveredstatements="1" conditionals="0" coveredconditionals="0" methods="1" coveredmethods="1"/>
      <line num="2" count="3" type="stmt"/>
    </file>
    <file name="verificarpalindromo.js" path="C:\Users\a95288486\Desktop\uc10\verificarpalindromo.js">
      <metrics statements="2" coveredstatements="2" conditionals="0" coveredconditionals="0" methods="1" coveredmethods="1"/>
      <line num="2" count="4" type="stmt"/>
      <line num="3" count="4" type="stmt"/>
    </file>
  </project>
</coverage>
