{"C:\\Users\\a95288486\\Desktop\\uc10\\calcularmedia.js": {"path":"C:\\Users\\a95288486\\Desktop\\uc10\\calcularmedia.js","statementMap":{"0":{"start":{"line":3,"column":4},"end":{"line":5,"column":5}},"1":{"start":{"line":4,"column":8},"end":{"line":4,"column":19}},"2":{"start":{"line":6,"column":17},"end":{"line":6,"column":85}},"3":{"start":{"line":6,"column":58},"end":{"line":6,"column":81}},"4":{"start":{"line":7,"column":4},"end":{"line":7,"column":31}}},"fnMap":{"0":{"name":"calcularMedia","decl":{"start":{"line":2,"column":10},"end":{"line":2,"column":23}},"loc":{"start":{"line":2,"column":31},"end":{"line":8,"column":1}},"line":2},"1":{"name":"(anonymous_1)","decl":{"start":{"line":6,"column":30},"end":{"line":6,"column":31}},"loc":{"start":{"line":6,"column":58},"end":{"line":6,"column":81}},"line":6}},"branchMap":{"0":{"loc":{"start":{"line":3,"column":4},"end":{"line":5,"column":5}},"type":"if","locations":[{"start":{"line":3,"column":4},"end":{"line":5,"column":5}},{"start":{},"end":{}}],"line":3}},"s":{"0":3,"1":1,"2":2,"3":7,"4":2},"f":{"0":3,"1":7},"b":{"0":[1,2]},"_coverageSchema":"1a1c01bbd47fc00a2c39e90264f33305004495a9","hash":"c760e8cef7c565d023482bbb50ddbca6c8ab5f09"}
,"C:\\Users\\a95288486\\Desktop\\uc10\\fatorial.js": {"path":"C:\\Users\\a95288486\\Desktop\\uc10\\fatorial.js","statementMap":{"0":{"start":{"line":2,"column":4},"end":{"line":2,"column":26}},"1":{"start":{"line":2,"column":17},"end":{"line":2,"column":26}},"2":{"start":{"line":3,"column":20},"end":{"line":3,"column":21}},"3":{"start":{"line":4,"column":4},"end":{"line":6,"column":5}},"4":{"start":{"line":4,"column":17},"end":{"line":4,"column":18}},"5":{"start":{"line":5,"column":8},"end":{"line":5,"column":23}},"6":{"start":{"line":7,"column":4},"end":{"line":7,"column":21}}},"fnMap":{"0":{"name":"fatorial","decl":{"start":{"line":1,"column":9},"end":{"line":1,"column":17}},"loc":{"start":{"line":1,"column":21},"end":{"line":8,"column":1}},"line":1}},"branchMap":{"0":{"loc":{"start":{"line":2,"column":4},"end":{"line":2,"column":26}},"type":"if","locations":[{"start":{"line":2,"column":4},"end":{"line":2,"column":26}},{"start":{},"end":{}}],"line":2}},"s":{"0":3,"1":1,"2":2,"3":2,"4":2,"5":8,"6":2},"f":{"0":3},"b":{"0":[1,2]},"_coverageSchema":"1a1c01bbd47fc00a2c39e90264f33305004495a9","hash":"cbe932d3dcc3120d563e3decb22de39a3781bbb1"}
,"C:\\Users\\a95288486\\Desktop\\uc10\\index.js": {"path":"C:\\Users\\a95288486\\Desktop\\uc10\\index.js","statementMap":{"0":{"start":{"line":1,"column":21},"end":{"line":4,"column":1}},"1":{"start":{"line":3,"column":4},"end":{"line":3,"column":44}},"2":{"start":{"line":6,"column":0},"end":{"line":6,"column":39}},"3":{"start":{"line":8,"column":22},"end":{"line":11,"column":1}},"4":{"start":{"line":10,"column":4},"end":{"line":10,"column":26}},"5":{"start":{"line":12,"column":0},"end":{"line":12,"column":39}}},"fnMap":{"0":{"name":"(anonymous_0)","decl":{"start":{"line":1,"column":21},"end":{"line":1,"column":22}},"loc":{"start":{"line":1,"column":60},"end":{"line":4,"column":1}},"line":1},"1":{"name":"(anonymous_1)","decl":{"start":{"line":8,"column":22},"end":{"line":8,"column":23}},"loc":{"start":{"line":8,"column":40},"end":{"line":11,"column":1}},"line":8}},"branchMap":{},"s":{"0":1,"1":2,"2":1,"3":1,"4":2,"5":1},"f":{"0":2,"1":2},"b":{},"_coverageSchema":"1a1c01bbd47fc00a2c39e90264f33305004495a9","hash":"19df2ac9146c38d72244c45fd74533ff83343d22"}
,"C:\\Users\\a95288486\\Desktop\\uc10\\maiornumero.js": {"path":"C:\\Users\\a95288486\\Desktop\\uc10\\maiornumero.js","statementMap":{"0":{"start":{"line":2,"column":4},"end":{"line":4,"column":5}},"1":{"start":{"line":3,"column":8},"end":{"line":3,"column":68}},"2":{"start":{"line":5,"column":4},"end":{"line":7,"column":5}},"3":{"start":{"line":5,"column":29},"end":{"line":5,"column":53}},"4":{"start":{"line":6,"column":8},"end":{"line":6,"column":74}},"5":{"start":{"line":8,"column":4},"end":{"line":8,"column":30}}},"fnMap":{"0":{"name":"maiorNumero","decl":{"start":{"line":1,"column":10},"end":{"line":1,"column":21}},"loc":{"start":{"line":1,"column":29},"end":{"line":9,"column":1}},"line":1},"1":{"name":"(anonymous_1)","decl":{"start":{"line":5,"column":21},"end":{"line":5,"column":22}},"loc":{"start":{"line":5,"column":29},"end":{"line":5,"column":53}},"line":5}},"branchMap":{"0":{"loc":{"start":{"line":2,"column":4},"end":{"line":4,"column":5}},"type":"if","locations":[{"start":{"line":2,"column":4},"end":{"line":4,"column":5}},{"start":{},"end":{}}],"line":2},"1":{"loc":{"start":{"line":2,"column":8},"end":{"line":2,"column":51}},"type":"binary-expr","locations":[{"start":{"line":2,"column":8},"end":{"line":2,"column":29}},{"start":{"line":2,"column":33},"end":{"line":2,"column":51}}],"line":2},"2":{"loc":{"start":{"line":5,"column":4},"end":{"line":7,"column":5}},"type":"if","locations":[{"start":{"line":5,"column":4},"end":{"line":7,"column":5}},{"start":{},"end":{}}],"line":5}},"s":{"0":6,"1":2,"2":4,"3":11,"4":1,"5":3},"f":{"0":6,"1":11},"b":{"0":[2,4],"1":[6,5],"2":[1,3]},"_coverageSchema":"1a1c01bbd47fc00a2c39e90264f33305004495a9","hash":"69e63551c546d4397e780fe646cdf2d8199c5f3a"}
,"C:\\Users\\a95288486\\Desktop\\uc10\\manipulacaostring.js": {"path":"C:\\Users\\a95288486\\Desktop\\uc10\\manipulacaostring.js","statementMap":{"0":{"start":{"line":3,"column":4},"end":{"line":3,"column":46}}},"fnMap":{"0":{"name":"inverterPalavras","decl":{"start":{"line":2,"column":9},"end":{"line":2,"column":25}},"loc":{"start":{"line":2,"column":31},"end":{"line":4,"column":1}},"line":2}},"branchMap":{},"s":{"0":3},"f":{"0":3},"b":{},"_coverageSchema":"1a1c01bbd47fc00a2c39e90264f33305004495a9","hash":"f2c614d8c1d7e96f4ec3da520f22d8713a373d01"}
,"C:\\Users\\a95288486\\Desktop\\uc10\\numeropar.js": {"path":"C:\\Users\\a95288486\\Desktop\\uc10\\numeropar.js","statementMap":{"0":{"start":{"line":2,"column":4},"end":{"line":2,"column":28}}},"fnMap":{"0":{"name":"ehPar","decl":{"start":{"line":1,"column":9},"end":{"line":1,"column":14}},"loc":{"start":{"line":1,"column":23},"end":{"line":3,"column":1}},"line":1}},"branchMap":{},"s":{"0":5},"f":{"0":5},"b":{},"_coverageSchema":"1a1c01bbd47fc00a2c39e90264f33305004495a9","hash":"b85ba9c4d6a5f25f141e3f0fc85f8efe1c37529a"}
,"C:\\Users\\a95288486\\Desktop\\uc10\\numeroprimos.js": {"path":"C:\\Users\\a95288486\\Desktop\\uc10\\numeroprimos.js","statementMap":{"0":{"start":{"line":2,"column":19},"end":{"line":2,"column":21}},"1":{"start":{"line":4,"column":20},"end":{"line":10,"column":5}},"2":{"start":{"line":5,"column":8},"end":{"line":5,"column":35}},"3":{"start":{"line":5,"column":22},"end":{"line":5,"column":35}},"4":{"start":{"line":6,"column":8},"end":{"line":8,"column":9}},"5":{"start":{"line":6,"column":21},"end":{"line":6,"column":22}},"6":{"start":{"line":7,"column":12},"end":{"line":7,"column":44}},"7":{"start":{"line":7,"column":31},"end":{"line":7,"column":44}},"8":{"start":{"line":9,"column":8},"end":{"line":9,"column":20}},"9":{"start":{"line":12,"column":4},"end":{"line":16,"column":5}},"10":{"start":{"line":12,"column":17},"end":{"line":12,"column":18}},"11":{"start":{"line":13,"column":8},"end":{"line":15,"column":9}},"12":{"start":{"line":14,"column":12},"end":{"line":14,"column":27}},"13":{"start":{"line":18,"column":4},"end":{"line":18,"column":18}}},"fnMap":{"0":{"name":"numerosPrimos","decl":{"start":{"line":1,"column":9},"end":{"line":1,"column":22}},"loc":{"start":{"line":1,"column":28},"end":{"line":19,"column":1}},"line":1},"1":{"name":"(anonymous_1)","decl":{"start":{"line":4,"column":20},"end":{"line":4,"column":21}},"loc":{"start":{"line":4,"column":29},"end":{"line":10,"column":5}},"line":4}},"branchMap":{"0":{"loc":{"start":{"line":5,"column":8},"end":{"line":5,"column":35}},"type":"if","locations":[{"start":{"line":5,"column":8},"end":{"line":5,"column":35}},{"start":{},"end":{}}],"line":5},"1":{"loc":{"start":{"line":7,"column":12},"end":{"line":7,"column":44}},"type":"if","locations":[{"start":{"line":7,"column":12},"end":{"line":7,"column":44}},{"start":{},"end":{}}],"line":7},"2":{"loc":{"start":{"line":13,"column":8},"end":{"line":15,"column":9}},"type":"if","locations":[{"start":{"line":13,"column":8},"end":{"line":15,"column":9}},{"start":{},"end":{}}],"line":13}},"s":{"0":3,"1":3,"2":134,"3":0,"4":134,"5":134,"6":285,"7":95,"8":39,"9":3,"10":3,"11":134,"12":39,"13":3},"f":{"0":3,"1":134},"b":{"0":[0,134],"1":[95,190],"2":[39,95]},"_coverageSchema":"1a1c01bbd47fc00a2c39e90264f33305004495a9","hash":"cbd2a68cf8ed6118368c5dc242340b236c8f7ef1"}
,"C:\\Users\\a95288486\\Desktop\\uc10\\ordenararray.js": {"path":"C:\\Users\\a95288486\\Desktop\\uc10\\ordenararray.js","statementMap":{"0":{"start":{"line":5,"column":4},"end":{"line":5,"column":45}},"1":{"start":{"line":5,"column":38},"end":{"line":5,"column":43}}},"fnMap":{"0":{"name":"ordenarArray","decl":{"start":{"line":2,"column":10},"end":{"line":2,"column":22}},"loc":{"start":{"line":2,"column":28},"end":{"line":6,"column":1}},"line":2},"1":{"name":"(anonymous_1)","decl":{"start":{"line":5,"column":28},"end":{"line":5,"column":29}},"loc":{"start":{"line":5,"column":38},"end":{"line":5,"column":43}},"line":5}},"branchMap":{},"s":{"0":3,"1":13},"f":{"0":3,"1":13},"b":{},"_coverageSchema":"1a1c01bbd47fc00a2c39e90264f33305004495a9","hash":"a880663cff8e919295a3a2a1ac5f3b88225167e4"}
,"C:\\Users\\a95288486\\Desktop\\uc10\\retornaocorrencia.js": {"path":"C:\\Users\\a95288486\\Desktop\\uc10\\retornaocorrencia.js","statementMap":{"0":{"start":{"line":3,"column":18},"end":{"line":3,"column":43}},"1":{"start":{"line":4,"column":20},"end":{"line":4,"column":36}},"2":{"start":{"line":5,"column":4},"end":{"line":5,"column":40}}},"fnMap":{"0":{"name":"contarOcorrencias","decl":{"start":{"line":2,"column":9},"end":{"line":2,"column":26}},"loc":{"start":{"line":2,"column":41},"end":{"line":6,"column":1}},"line":2}},"branchMap":{"0":{"loc":{"start":{"line":5,"column":11},"end":{"line":5,"column":39}},"type":"cond-expr","locations":[{"start":{"line":5,"column":21},"end":{"line":5,"column":35}},{"start":{"line":5,"column":38},"end":{"line":5,"column":39}}],"line":5}},"s":{"0":3,"1":3,"2":3},"f":{"0":3},"b":{"0":[2,1]},"_coverageSchema":"1a1c01bbd47fc00a2c39e90264f33305004495a9","hash":"d6daad42260df83b11d76e0aee814b1c0db07895"}
,"C:\\Users\\a95288486\\Desktop\\uc10\\soma.js": {"path":"C:\\Users\\a95288486\\Desktop\\uc10\\soma.js","statementMap":{"0":{"start":{"line":2,"column":4},"end":{"line":2,"column":17}}},"fnMap":{"0":{"name":"soma","decl":{"start":{"line":1,"column":9},"end":{"line":1,"column":13}},"loc":{"start":{"line":1,"column":20},"end":{"line":3,"column":1}},"line":1}},"branchMap":{},"s":{"0":3},"f":{"0":3},"b":{},"_coverageSchema":"1a1c01bbd47fc00a2c39e90264f33305004495a9","hash":"a40d7e3bf272563656ffaaf3ff0b13f8a9617387"}
,"C:\\Users\\a95288486\\Desktop\\uc10\\somarelementos.js": {"path":"C:\\Users\\a95288486\\Desktop\\uc10\\somarelementos.js","statementMap":{"0":{"start":{"line":3,"column":4},"end":{"line":3,"column":50}},"1":{"start":{"line":3,"column":36},"end":{"line":3,"column":45}}},"fnMap":{"0":{"name":"somaArray","decl":{"start":{"line":2,"column":10},"end":{"line":2,"column":19}},"loc":{"start":{"line":2,"column":25},"end":{"line":4,"column":1}},"line":2},"1":{"name":"(anonymous_1)","decl":{"start":{"line":3,"column":22},"end":{"line":3,"column":23}},"loc":{"start":{"line":3,"column":36},"end":{"line":3,"column":45}},"line":3}},"branchMap":{},"s":{"0":3,"1":7},"f":{"0":3,"1":7},"b":{},"_coverageSchema":"1a1c01bbd47fc00a2c39e90264f33305004495a9","hash":"4bc936a406db6f5196e274c8ae15ad7bae00fffa"}
,"C:\\Users\\a95288486\\Desktop\\uc10\\subtracao.js": {"path":"C:\\Users\\a95288486\\Desktop\\uc10\\subtracao.js","statementMap":{"0":{"start":{"line":2,"column":4},"end":{"line":2,"column":17}}},"fnMap":{"0":{"name":"subtracao","decl":{"start":{"line":1,"column":9},"end":{"line":1,"column":18}},"loc":{"start":{"line":1,"column":25},"end":{"line":3,"column":1}},"line":1}},"branchMap":{},"s":{"0":3},"f":{"0":3},"b":{},"_coverageSchema":"1a1c01bbd47fc00a2c39e90264f33305004495a9","hash":"5f86431b4c0bef275490186c9d8b8dec3657c2fc"}
,"C:\\Users\\a95288486\\Desktop\\uc10\\temperatura.js": {"path":"C:\\Users\\a95288486\\Desktop\\uc10\\temperatura.js","statementMap":{"0":{"start":{"line":2,"column":4},"end":{"line":2,"column":34}}},"fnMap":{"0":{"name":"celsiusParaFahrenheit","decl":{"start":{"line":1,"column":10},"end":{"line":1,"column":31}},"loc":{"start":{"line":1,"column":41},"end":{"line":3,"column":1}},"line":1}},"branchMap":{},"s":{"0":3},"f":{"0":3},"b":{},"_coverageSchema":"1a1c01bbd47fc00a2c39e90264f33305004495a9","hash":"ff14e5762d534f728c4d8735bfb7233833757d3d"}
,"C:\\Users\\a95288486\\Desktop\\uc10\\verificarpalindromo.js": {"path":"C:\\Users\\a95288486\\Desktop\\uc10\\verificarpalindromo.js","statementMap":{"0":{"start":{"line":2,"column":29},"end":{"line":2,"column":74}},"1":{"start":{"line":3,"column":4},"end":{"line":3,"column":78}}},"fnMap":{"0":{"name":"verificarPalindromo","decl":{"start":{"line":1,"column":16},"end":{"line":1,"column":35}},"loc":{"start":{"line":1,"column":43},"end":{"line":4,"column":1}},"line":1}},"branchMap":{},"s":{"0":4,"1":4},"f":{"0":4},"b":{},"_coverageSchema":"1a1c01bbd47fc00a2c39e90264f33305004495a9","hash":"5af99674067c96580eeb5c87fc4c1052c21e7e8f"}
}
