TN:
SF:calcularmedia.js
FN:2,calcularMedia
FN:6,(anonymous_1)
FNF:2
FNH:2
FNDA:3,calcularMedia
FNDA:7,(anonymous_1)
DA:3,3
DA:4,1
DA:6,7
DA:7,2
LF:4
LH:4
BRDA:3,0,0,1
BRDA:3,0,1,2
BRF:2
BRH:2
end_of_record
TN:
SF:fatorial.js
FN:1,fatorial
FNF:1
FNH:1
FNDA:3,fatorial
DA:2,3
DA:3,2
DA:4,2
DA:5,8
DA:7,2
LF:5
LH:5
BRDA:2,0,0,1
BRDA:2,0,1,2
BRF:2
BRH:2
end_of_record
TN:
SF:index.js
FN:1,(anonymous_0)
FN:8,(anonymous_1)
FNF:2
FNH:2
FNDA:2,(anonymous_0)
FNDA:2,(anonymous_1)
DA:1,1
DA:3,2
DA:6,1
DA:8,1
DA:10,2
DA:12,1
LF:6
LH:6
BRF:0
BRH:0
end_of_record
TN:
SF:maiornumero.js
FN:1,maiorNumero
FN:5,(anonymous_1)
FNF:2
FNH:2
FNDA:6,maiorNumero
FNDA:11,(anonymous_1)
DA:2,6
DA:3,2
DA:5,11
DA:6,1
DA:8,3
LF:5
LH:5
BRDA:2,0,0,2
BRDA:2,0,1,4
BRDA:2,1,0,6
BRDA:2,1,1,5
BRDA:5,2,0,1
BRDA:5,2,1,3
BRF:6
BRH:6
end_of_record
TN:
SF:manipulacaostring.js
FN:2,inverterPalavras
FNF:1
FNH:1
FNDA:3,inverterPalavras
DA:3,3
LF:1
LH:1
BRF:0
BRH:0
end_of_record
TN:
SF:numeropar.js
FN:1,ehPar
FNF:1
FNH:1
FNDA:5,ehPar
DA:2,5
LF:1
LH:1
BRF:0
BRH:0
end_of_record
TN:
SF:numeroprimos.js
FN:1,numerosPrimos
FN:4,(anonymous_1)
FNF:2
FNH:2
FNDA:3,numerosPrimos
FNDA:134,(anonymous_1)
DA:2,3
DA:4,3
DA:5,134
DA:6,134
DA:7,285
DA:9,39
DA:12,3
DA:13,134
DA:14,39
DA:18,3
LF:10
LH:10
BRDA:5,0,0,0
BRDA:5,0,1,134
BRDA:7,1,0,95
BRDA:7,1,1,190
BRDA:13,2,0,39
BRDA:13,2,1,95
BRF:6
BRH:5
end_of_record
TN:
SF:ordenararray.js
FN:2,ordenarArray
FN:5,(anonymous_1)
FNF:2
FNH:2
FNDA:3,ordenarArray
FNDA:13,(anonymous_1)
DA:5,13
LF:1
LH:1
BRF:0
BRH:0
end_of_record
TN:
SF:retornaocorrencia.js
FN:2,contarOcorrencias
FNF:1
FNH:1
FNDA:3,contarOcorrencias
DA:3,3
DA:4,3
DA:5,3
LF:3
LH:3
BRDA:5,0,0,2
BRDA:5,0,1,1
BRF:2
BRH:2
end_of_record
TN:
SF:soma.js
FN:1,soma
FNF:1
FNH:1
FNDA:3,soma
DA:2,3
LF:1
LH:1
BRF:0
BRH:0
end_of_record
TN:
SF:somarelementos.js
FN:2,somaArray
FN:3,(anonymous_1)
FNF:2
FNH:2
FNDA:3,somaArray
FNDA:7,(anonymous_1)
DA:3,7
LF:1
LH:1
BRF:0
BRH:0
end_of_record
TN:
SF:subtracao.js
FN:1,subtracao
FNF:1
FNH:1
FNDA:3,subtracao
DA:2,3
LF:1
LH:1
BRF:0
BRH:0
end_of_record
TN:
SF:temperatura.js
FN:1,celsiusParaFahrenheit
FNF:1
FNH:1
FNDA:3,celsiusParaFahrenheit
DA:2,3
LF:1
LH:1
BRF:0
BRH:0
end_of_record
TN:
SF:verificarpalindromo.js
FN:1,verificarPalindromo
FNF:1
FNH:1
FNDA:4,verificarPalindromo
DA:2,4
DA:3,4
LF:2
LH:2
BRF:0
BRH:0
end_of_record
